d:\git\2dengine\game\2dengine\debug\vc120.pdb
d:\git\2dengine\game\2dengine\debug\vc120.idb
d:\git\2dengine\game\2dengine\debug\audio.obj
d:\git\2dengine\game\2dengine\debug\player.obj
d:\git\2dengine\game\2dengine\debug\engine.obj
d:\git\2dengine\game\2dengine\debug\game.obj
d:\git\2dengine\game\2dengine\debug\graphics.obj
d:\git\2dengine\game\2dengine\debug\image.obj
d:\git\2dengine\game\2dengine\debug\input.obj
d:\git\2dengine\game\2dengine\debug\entity.obj
d:\git\2dengine\game\2dengine\debug\enemy.obj
d:\git\2dengine\game\2dengine\debug\terrain.obj
d:\git\2dengine\game\2dengine\debug\texturemanager.obj
d:\git\2dengine\game\2dengine\debug\winmain.obj
d:\git\2dengine\game\2dengine\debug\2dengine.ilk
d:\git\2dengine\game\2dengine\debug\2dengine.exe
d:\git\2dengine\game\2dengine\debug\2dengine.pdb
d:\git\2dengine\game\2dengine\debug\vc140.idb
d:\git\2dengine\game\2dengine\debug\vc140.pdb
d:\git\2dengine\game\2dengine\debug\2dengine.tlog\cl.command.1.tlog
d:\git\2dengine\game\2dengine\debug\2dengine.tlog\cl.read.1.tlog
d:\git\2dengine\game\2dengine\debug\2dengine.tlog\cl.write.1.tlog
d:\git\2dengine\game\2dengine\debug\2dengine.tlog\link.command.1.tlog
d:\git\2dengine\game\2dengine\debug\2dengine.tlog\link.read.1.tlog
d:\git\2dengine\game\2dengine\debug\2dengine.tlog\link.write.1.tlog
